2025-10-24 15:05:29,392 [Thread-1] INFO com.cbit.lucid.player.export.PlayerExport - writeJsonFile: C:\Users\luizg\Videos\key\CIAN-CE.json
2025-10-24 15:05:29,392 [Thread-1] INFO com.cbit.lucid.player.export.PlayerExport - writeOptions...
2025-10-24 15:05:29,392 [Thread-1] INFO com.cbit.lucid.player.export.PlayerExport - writeFeatures...
2025-10-24 15:05:29,407 [Thread-1] INFO com.cbit.lucid.player.export.PlayerExport - writeStates...
2025-10-24 15:05:29,407 [Thread-1] INFO com.cbit.lucid.player.export.PlayerExport - writeEntities...
2025-10-24 15:05:29,407 [Thread-1] INFO com.cbit.lucid.player.export.PlayerExport - writeSubsets...
2025-10-24 15:05:29,407 [Thread-1] INFO com.cbit.lucid.player.export.PlayerExport - writeScoreArrays...
2025-10-24 15:05:29,407 [Thread-1] INFO com.cbit.lucid.player.export.PlayerExport - writeMeasures...
2025-10-24 15:05:29,407 [Thread-1] INFO com.cbit.lucid.player.export.PlayerExport - writeDependencyArrays...
2025-10-24 15:05:29,407 [Thread-1] INFO com.cbit.lucid.player.export.PlayerExport - writeScopeArrays...
2025-10-24 15:05:29,407 [Thread-1] INFO com.cbit.lucid.player.export.PlayerExport - writeHtmlFile: C:\Users\luizg\Videos\CIAN-CE_player.html
2025-10-24 15:05:29,580 [Thread-1] INFO com.cbit.lucid.builder.application.gui.deploy.DeployKeyDialog - copyMediaFiles: C:\Users\luizg\Videos
2025-10-24 15:05:29,800 [Thread-1] INFO com.cbit.lucid.player.export.PlayerExport - writeHomeFile: C:\Users\luizg\Videos\CIAN-CE.html
2025-10-25 00:54:45,870 [Thread-47] INFO com.cbit.lucid.player.export.PlayerExport - writeJsonFile: C:\Users\luizg\Videos\CIAN CE\key\CIAN-CE.json
2025-10-25 00:54:45,870 [Thread-47] INFO com.cbit.lucid.player.export.PlayerExport - writeOptions...
2025-10-25 00:54:45,870 [Thread-47] INFO com.cbit.lucid.player.export.PlayerExport - writeFeatures...
2025-10-25 00:54:45,870 [Thread-47] INFO com.cbit.lucid.player.export.PlayerExport - writeStates...
2025-10-25 00:54:45,870 [Thread-47] INFO com.cbit.lucid.player.export.PlayerExport - writeEntities...
2025-10-25 00:54:45,870 [Thread-47] INFO com.cbit.lucid.player.export.PlayerExport - writeSubsets...
2025-10-25 00:54:45,870 [Thread-47] INFO com.cbit.lucid.player.export.PlayerExport - writeScoreArrays...
2025-10-25 00:54:45,879 [Thread-47] INFO com.cbit.lucid.player.export.PlayerExport - writeMeasures...
2025-10-25 00:54:45,879 [Thread-47] INFO com.cbit.lucid.player.export.PlayerExport - writeDependencyArrays...
2025-10-25 00:54:45,879 [Thread-47] INFO com.cbit.lucid.player.export.PlayerExport - writeScopeArrays...
2025-10-25 00:54:45,879 [Thread-47] INFO com.cbit.lucid.player.export.PlayerExport - writeHtmlFile: C:\Users\luizg\Videos\CIAN CE\CIAN-CE_player.html
2025-10-25 00:54:45,883 [Thread-47] INFO com.cbit.lucid.builder.application.gui.deploy.DeployKeyDialog - copyMediaFiles: C:\Users\luizg\Videos\CIAN CE
2025-10-25 00:54:46,139 [Thread-47] INFO com.cbit.lucid.player.export.PlayerExport - writeHomeFile: C:\Users\luizg\Videos\CIAN CE\CIAN-CE.html
2025-10-27 01:47:02,471 [Thread-4] INFO com.cbit.lucid.player.export.PlayerExport - writeJsonFile: C:\Users\luizg\Videos\CIAN CE\key\CIAN-CE.json
2025-10-27 01:47:02,481 [Thread-4] INFO com.cbit.lucid.player.export.PlayerExport - writeOptions...
2025-10-27 01:47:02,481 [Thread-4] INFO com.cbit.lucid.player.export.PlayerExport - writeFeatures...
2025-10-27 01:47:02,495 [Thread-4] INFO com.cbit.lucid.player.export.PlayerExport - writeStates...
2025-10-27 01:47:02,499 [Thread-4] INFO com.cbit.lucid.player.export.PlayerExport - writeEntities...
2025-10-27 01:47:02,502 [Thread-4] INFO com.cbit.lucid.player.export.PlayerExport - writeSubsets...
2025-10-27 01:47:02,502 [Thread-4] INFO com.cbit.lucid.player.export.PlayerExport - writeScoreArrays...
2025-10-27 01:47:02,522 [Thread-4] INFO com.cbit.lucid.player.export.PlayerExport - writeMeasures...
2025-10-27 01:47:02,522 [Thread-4] INFO com.cbit.lucid.player.export.PlayerExport - writeDependencyArrays...
2025-10-27 01:47:02,522 [Thread-4] INFO com.cbit.lucid.player.export.PlayerExport - writeScopeArrays...
2025-10-27 01:47:02,530 [Thread-4] INFO com.cbit.lucid.player.export.PlayerExport - writeHtmlFile: C:\Users\luizg\Videos\CIAN CE\CIAN-CE_player.html
2025-10-27 01:47:02,973 [Thread-4] INFO com.cbit.lucid.builder.application.gui.deploy.DeployKeyDialog - copyMediaFiles: C:\Users\luizg\Videos\CIAN CE
2025-10-27 01:47:03,476 [Thread-4] INFO com.cbit.lucid.player.export.PlayerExport - writeHomeFile: C:\Users\luizg\Videos\CIAN CE\CIAN-CE.html
