2026-01-19 18:14:23,612 [Thread-6] INFO com.cbit.lucid.player.export.PlayerExport - writeJsonFile: C:\Users\luizg\Videos\key\cian-ce_2.json
2026-01-19 18:14:23,624 [Thread-6] INFO com.cbit.lucid.player.export.PlayerExport - writeOptions...
2026-01-19 18:14:23,625 [Thread-6] INFO com.cbit.lucid.player.export.PlayerExport - writeFeatures...
2026-01-19 18:14:23,645 [Thread-6] INFO com.cbit.lucid.player.export.PlayerExport - writeStates...
2026-01-19 18:14:27,724 [Thread-6] INFO com.cbit.lucid.player.export.PlayerExport - writeEntities...
2026-01-19 18:14:38,805 [Thread-6] INFO com.cbit.lucid.player.export.PlayerExport - writeSubsets...
2026-01-19 18:14:38,818 [Thread-6] INFO com.cbit.lucid.player.export.PlayerExport - writeScoreArrays...
2026-01-19 18:14:38,871 [Thread-6] INFO com.cbit.lucid.player.export.PlayerExport - writeMeasures...
2026-01-19 18:14:38,872 [Thread-6] INFO com.cbit.lucid.player.export.PlayerExport - writeDependencyArrays...
2026-01-19 18:14:38,875 [Thread-6] INFO com.cbit.lucid.player.export.PlayerExport - writeScopeArrays...
2026-01-19 18:14:38,902 [Thread-6] INFO com.cbit.lucid.player.export.PlayerExport - writeHtmlFile: C:\Users\luizg\Videos\cian-ce_2.html
2026-01-19 18:14:39,400 [Thread-6] INFO com.cbit.lucid.builder.application.gui.deploy.DeployKeyDialog - copyMediaFiles: C:\Users\luizg\Videos
2026-01-19 18:21:53,748 [Thread-12] INFO com.cbit.lucid.player.export.PlayerExport - writeJsonFile: C:\Users\luizg\Videos\key\cian-ce_2.json
2026-01-19 18:21:53,750 [Thread-12] INFO com.cbit.lucid.player.export.PlayerExport - writeOptions...
2026-01-19 18:21:53,750 [Thread-12] INFO com.cbit.lucid.player.export.PlayerExport - writeFeatures...
2026-01-19 18:21:53,752 [Thread-12] INFO com.cbit.lucid.player.export.PlayerExport - writeStates...
2026-01-19 18:22:16,401 [Thread-12] INFO com.cbit.lucid.player.export.PlayerExport - writeEntities...
2026-01-19 18:23:54,187 [Thread-12] INFO com.cbit.lucid.player.export.PlayerExport - writeSubsets...
2026-01-19 18:23:54,189 [Thread-12] INFO com.cbit.lucid.player.export.PlayerExport - writeScoreArrays...
2026-01-19 18:23:54,195 [Thread-12] INFO com.cbit.lucid.player.export.PlayerExport - writeMeasures...
2026-01-19 18:23:54,195 [Thread-12] INFO com.cbit.lucid.player.export.PlayerExport - writeDependencyArrays...
2026-01-19 18:23:54,195 [Thread-12] INFO com.cbit.lucid.player.export.PlayerExport - writeScopeArrays...
2026-01-19 18:23:54,199 [Thread-12] INFO com.cbit.lucid.player.export.PlayerExport - writeHtmlFile: C:\Users\luizg\Videos\cian-ce_2.html
2026-01-19 18:23:54,207 [Thread-12] INFO com.cbit.lucid.builder.application.gui.deploy.DeployKeyDialog - copyMediaFiles: C:\Users\luizg\Videos
2026-01-19 18:31:06,696 [Thread-13] INFO com.cbit.lucid.player.export.PlayerExport - writeJsonFile: C:\Users\luizg\Videos\key\cian-ce_2.json
2026-01-19 18:31:06,701 [Thread-13] INFO com.cbit.lucid.player.export.PlayerExport - writeOptions...
2026-01-19 18:31:06,701 [Thread-13] INFO com.cbit.lucid.player.export.PlayerExport - writeFeatures...
2026-01-19 18:31:06,704 [Thread-13] INFO com.cbit.lucid.player.export.PlayerExport - writeStates...
2026-01-19 18:31:10,289 [Thread-13] INFO com.cbit.lucid.player.export.PlayerExport - writeEntities...
2026-01-19 18:31:20,663 [Thread-13] INFO com.cbit.lucid.player.export.PlayerExport - writeSubsets...
2026-01-19 18:31:20,664 [Thread-13] INFO com.cbit.lucid.player.export.PlayerExport - writeScoreArrays...
2026-01-19 18:31:20,672 [Thread-13] INFO com.cbit.lucid.player.export.PlayerExport - writeMeasures...
2026-01-19 18:31:20,672 [Thread-13] INFO com.cbit.lucid.player.export.PlayerExport - writeDependencyArrays...
2026-01-19 18:31:20,673 [Thread-13] INFO com.cbit.lucid.player.export.PlayerExport - writeScopeArrays...
2026-01-19 18:31:20,677 [Thread-13] INFO com.cbit.lucid.player.export.PlayerExport - writeHtmlFile: C:\Users\luizg\Videos\cian-ce_2.html
2026-01-19 18:31:20,689 [Thread-13] INFO com.cbit.lucid.builder.application.gui.deploy.DeployKeyDialog - copyMediaFiles: C:\Users\luizg\Videos
